<?xml version="1.0" encoding="UTF-8"?>
<!-- Generated by org.testng.reporters.JUnitXMLReporter -->
<testsuite ignored="1" hostname="MacBookPro.Dlink" failures="0" tests="1" name="Surefire test" time="7.844" errors="0" timestamp="2025-05-08T12:29:32 IST">
  <testcase classname="com.deque.AutoAnalyzeModeTestbase" name="testWithRefreshMethod" time="4.161"/>
  <testcase classname="com.deque.AutoAnalyzeModeTestbase" name="testWithClickAction" time="0.0">
    <ignored/>
  </testcase> <!-- testWithClickAction -->
</testsuite> <!-- Surefire test -->
